# Sniffer 'sniffer' started at 2026-07-13T13:03:25.309
# config=hcl/robot.hcl (9 known endpoints)
#   compass = 2753264687
#   pinger = 1295055938
#   sniffer = 836480628
#   logger = 2753177333
#   tui_sniffer = 3577618233
#   broker = 2490238132
#   ps4 = 360195552
#   mower = 1092332049
#   hoverboard = 1152836275
# multicast=224.0.0.1:50000
# format: <timestamp> src=<name> dst=<name> msg_type=<id>(<name>) req_id=<id> payload=<cbor>
2026-07-13T13:03:25.326 src=pinger dst=sniffer msg_type=2371693343 req_id=- payload=EndpointAnnounce { id: Some(1295055938), name: Some("pinger"), services: None, events: None, replies: None, subscribes: None }
2026-07-13T13:03:26.230 src=pinger dst=pinger msg_type=31253678 req_id=1 payload=PingRequest { req_id: Some(1), timestamp: Some(1783940606229) }
2026-07-13T13:03:26.230 src=pinger dst=pinger msg_type=1594103907 req_id=1 payload=PingReply { req_id: Some(1), timestamp: Some(1783940606229792) }
2026-07-13T13:03:27.230 src=pinger dst=pinger msg_type=31253678 req_id=1 payload=PingRequest { req_id: Some(1), timestamp: Some(1783940607230) }
2026-07-13T13:03:27.231 src=pinger dst=pinger msg_type=1594103907 req_id=1 payload=PingReply { req_id: Some(1), timestamp: Some(1783940607230619) }
2026-07-13T13:03:28.232 src=pinger dst=pinger msg_type=31253678 req_id=1 payload=PingRequest { req_id: Some(1), timestamp: Some(1783940608231) }
2026-07-13T13:03:28.232 src=pinger dst=pinger msg_type=1594103907 req_id=1 payload=PingReply { req_id: Some(1), timestamp: Some(1783940608231914) }
2026-07-13T13:03:29.232 src=pinger dst=pinger msg_type=31253678 req_id=1 payload=PingRequest { req_id: Some(1), timestamp: Some(1783940609232) }
2026-07-13T13:03:29.233 src=pinger dst=pinger msg_type=1594103907 req_id=1 payload=PingReply { req_id: Some(1), timestamp: Some(1783940609232707) }
2026-07-13T13:03:30.234 src=pinger dst=pinger msg_type=31253678 req_id=1 payload=PingRequest { req_id: Some(1), timestamp: Some(1783940610233) }
2026-07-13T13:03:30.234 src=pinger dst=pinger msg_type=1594103907 req_id=1 payload=PingReply { req_id: Some(1), timestamp: Some(1783940610233982) }
2026-07-13T13:03:31.235 src=pinger dst=pinger msg_type=31253678 req_id=1 payload=PingRequest { req_id: Some(1), timestamp: Some(1783940611234) }
2026-07-13T13:03:31.235 src=pinger dst=pinger msg_type=1594103907 req_id=1 payload=PingReply { req_id: Some(1), timestamp: Some(1783940611234957) }
2026-07-13T13:03:32.236 src=pinger dst=pinger msg_type=31253678 req_id=1 payload=PingRequest { req_id: Some(1), timestamp: Some(1783940612235) }
2026-07-13T13:03:32.236 src=pinger dst=pinger msg_type=1594103907 req_id=1 payload=PingReply { req_id: Some(1), timestamp: Some(1783940612235919) }
2026-07-13T13:03:33.236 src=pinger dst=pinger msg_type=31253678 req_id=1 payload=PingRequest { req_id: Some(1), timestamp: Some(1783940613236) }
2026-07-13T13:03:33.237 src=pinger dst=pinger msg_type=1594103907 req_id=1 payload=PingReply { req_id: Some(1), timestamp: Some(1783940613236695) }
2026-07-13T13:03:34.238 src=pinger dst=pinger msg_type=31253678 req_id=1 payload=PingRequest { req_id: Some(1), timestamp: Some(1783940614237) }
2026-07-13T13:03:34.238 src=pinger dst=pinger msg_type=1594103907 req_id=1 payload=PingReply { req_id: Some(1), timestamp: Some(1783940614237908) }
2026-07-13T13:03:35.239 src=pinger dst=pinger msg_type=31253678 req_id=1 payload=PingRequest { req_id: Some(1), timestamp: Some(1783940615238) }
2026-07-13T13:03:35.239 src=pinger dst=pinger msg_type=1594103907 req_id=1 payload=PingReply { req_id: Some(1), timestamp: Some(1783940615238840) }
2026-07-13T13:03:36.240 src=pinger dst=pinger msg_type=31253678 req_id=1 payload=PingRequest { req_id: Some(1), timestamp: Some(1783940616239) }
2026-07-13T13:03:36.240 src=pinger dst=pinger msg_type=1594103907 req_id=1 payload=PingReply { req_id: Some(1), timestamp: Some(1783940616239860) }
2026-07-13T13:03:37.241 src=pinger dst=pinger msg_type=31253678 req_id=1 payload=PingRequest { req_id: Some(1), timestamp: Some(1783940617240) }
2026-07-13T13:03:37.241 src=pinger dst=pinger msg_type=1594103907 req_id=1 payload=PingReply { req_id: Some(1), timestamp: Some(1783940617240921) }
2026-07-13T13:03:38.242 src=pinger dst=pinger msg_type=31253678 req_id=1 payload=PingRequest { req_id: Some(1), timestamp: Some(1783940618241) }
2026-07-13T13:03:38.242 src=pinger dst=pinger msg_type=1594103907 req_id=1 payload=PingReply { req_id: Some(1), timestamp: Some(1783940618241917) }
2026-07-13T13:03:39.243 src=pinger dst=pinger msg_type=31253678 req_id=1 payload=PingRequest { req_id: Some(1), timestamp: Some(1783940619242) }
2026-07-13T13:03:39.243 src=pinger dst=pinger msg_type=1594103907 req_id=1 payload=PingReply { req_id: Some(1), timestamp: Some(1783940619243002) }
2026-07-13T13:03:40.244 src=pinger dst=pinger msg_type=31253678 req_id=1 payload=PingRequest { req_id: Some(1), timestamp: Some(1783940620243) }
2026-07-13T13:03:40.244 src=pinger dst=pinger msg_type=1594103907 req_id=1 payload=PingReply { req_id: Some(1), timestamp: Some(1783940620244122) }
2026-07-13T13:03:41.245 src=pinger dst=pinger msg_type=31253678 req_id=1 payload=PingRequest { req_id: Some(1), timestamp: Some(1783940621244) }
2026-07-13T13:03:41.245 src=pinger dst=pinger msg_type=1594103907 req_id=1 payload=PingReply { req_id: Some(1), timestamp: Some(1783940621245410) }
2026-07-13T13:03:42.247 src=pinger dst=pinger msg_type=31253678 req_id=1 payload=PingRequest { req_id: Some(1), timestamp: Some(1783940622246) }
2026-07-13T13:03:42.247 src=pinger dst=pinger msg_type=1594103907 req_id=1 payload=PingReply { req_id: Some(1), timestamp: Some(1783940622246893) }
2026-07-13T13:03:43.247 src=pinger dst=pinger msg_type=31253678 req_id=1 payload=PingRequest { req_id: Some(1), timestamp: Some(1783940623247) }
2026-07-13T13:03:43.247 src=pinger dst=pinger msg_type=1594103907 req_id=1 payload=PingReply { req_id: Some(1), timestamp: Some(1783940623247620) }
2026-07-13T13:03:44.249 src=pinger dst=pinger msg_type=31253678 req_id=1 payload=PingRequest { req_id: Some(1), timestamp: Some(1783940624248) }
2026-07-13T13:03:44.249 src=pinger dst=pinger msg_type=1594103907 req_id=1 payload=PingReply { req_id: Some(1), timestamp: Some(1783940624248893) }
2026-07-13T13:03:45.250 src=pinger dst=pinger msg_type=31253678 req_id=1 payload=PingRequest { req_id: Some(1), timestamp: Some(1783940625249) }
2026-07-13T13:03:45.250 src=pinger dst=pinger msg_type=1594103907 req_id=1 payload=PingReply { req_id: Some(1), timestamp: Some(1783940625249932) }
2026-07-13T13:03:46.251 src=pinger dst=pinger msg_type=31253678 req_id=1 payload=PingRequest { req_id: Some(1), timestamp: Some(1783940626250) }
2026-07-13T13:03:46.251 src=pinger dst=pinger msg_type=1594103907 req_id=1 payload=PingReply { req_id: Some(1), timestamp: Some(1783940626250903) }
2026-07-13T13:03:47.252 src=pinger dst=pinger msg_type=31253678 req_id=1 payload=PingRequest { req_id: Some(1), timestamp: Some(1783940627251) }
2026-07-13T13:03:47.252 src=pinger dst=pinger msg_type=1594103907 req_id=1 payload=PingReply { req_id: Some(1), timestamp: Some(1783940627251950) }
2026-07-13T13:03:48.253 src=pinger dst=pinger msg_type=31253678 req_id=1 payload=PingRequest { req_id: Some(1), timestamp: Some(1783940628252) }
2026-07-13T13:03:48.253 src=pinger dst=pinger msg_type=1594103907 req_id=1 payload=PingReply { req_id: Some(1), timestamp: Some(1783940628253054) }
2026-07-13T13:03:49.254 src=pinger dst=pinger msg_type=31253678 req_id=1 payload=PingRequest { req_id: Some(1), timestamp: Some(1783940629253) }
2026-07-13T13:03:49.254 src=pinger dst=pinger msg_type=1594103907 req_id=1 payload=PingReply { req_id: Some(1), timestamp: Some(1783940629254211) }
2026-07-13T13:03:50.255 src=pinger dst=pinger msg_type=31253678 req_id=1 payload=PingRequest { req_id: Some(1), timestamp: Some(1783940630254) }
2026-07-13T13:03:50.255 src=pinger dst=pinger msg_type=1594103907 req_id=1 payload=PingReply { req_id: Some(1), timestamp: Some(1783940630254843) }
2026-07-13T13:03:51.256 src=pinger dst=pinger msg_type=31253678 req_id=1 payload=PingRequest { req_id: Some(1), timestamp: Some(1783940631255) }
2026-07-13T13:03:51.256 src=pinger dst=pinger msg_type=1594103907 req_id=1 payload=PingReply { req_id: Some(1), timestamp: Some(1783940631255835) }
2026-07-13T13:03:52.257 src=pinger dst=pinger msg_type=31253678 req_id=1 payload=PingRequest { req_id: Some(1), timestamp: Some(1783940632256) }
2026-07-13T13:03:52.257 src=pinger dst=pinger msg_type=1594103907 req_id=1 payload=PingReply { req_id: Some(1), timestamp: Some(1783940632256936) }
2026-07-13T13:03:53.258 src=pinger dst=pinger msg_type=31253678 req_id=1 payload=PingRequest { req_id: Some(1), timestamp: Some(1783940633257) }
2026-07-13T13:03:53.259 src=pinger dst=pinger msg_type=1594103907 req_id=1 payload=PingReply { req_id: Some(1), timestamp: Some(1783940633258165) }
2026-07-13T13:03:54.259 src=pinger dst=pinger msg_type=31253678 req_id=1 payload=PingRequest { req_id: Some(1), timestamp: Some(1783940634258) }
2026-07-13T13:03:54.259 src=pinger dst=pinger msg_type=1594103907 req_id=1 payload=PingReply { req_id: Some(1), timestamp: Some(1783940634259097) }
2026-07-13T13:03:55.259 src=pinger dst=pinger msg_type=31253678 req_id=1 payload=PingRequest { req_id: Some(1), timestamp: Some(1783940635259) }
2026-07-13T13:03:55.259 src=pinger dst=pinger msg_type=1594103907 req_id=1 payload=PingReply { req_id: Some(1), timestamp: Some(1783940635259576) }
2026-07-13T13:03:56.260 src=pinger dst=pinger msg_type=31253678 req_id=1 payload=PingRequest { req_id: Some(1), timestamp: Some(1783940636260) }
2026-07-13T13:03:56.261 src=pinger dst=pinger msg_type=1594103907 req_id=1 payload=PingReply { req_id: Some(1), timestamp: Some(1783940636260736) }
2026-07-13T13:03:57.263 src=pinger dst=pinger msg_type=31253678 req_id=1 payload=PingRequest { req_id: Some(1), timestamp: Some(1783940637262) }
2026-07-13T13:03:57.263 src=pinger dst=pinger msg_type=1594103907 req_id=1 payload=PingReply { req_id: Some(1), timestamp: Some(1783940637262441) }
2026-07-13T13:03:58.264 src=pinger dst=pinger msg_type=31253678 req_id=1 payload=PingRequest { req_id: Some(1), timestamp: Some(1783940638263) }
2026-07-13T13:03:58.264 src=pinger dst=pinger msg_type=1594103907 req_id=1 payload=PingReply { req_id: Some(1), timestamp: Some(1783940638264251) }
2026-07-13T13:03:59.265 src=pinger dst=pinger msg_type=31253678 req_id=1 payload=PingRequest { req_id: Some(1), timestamp: Some(1783940639264) }
2026-07-13T13:03:59.266 src=pinger dst=pinger msg_type=1594103907 req_id=1 payload=PingReply { req_id: Some(1), timestamp: Some(1783940639265363) }
2026-07-13T13:04:00.265 src=pinger dst=pinger msg_type=31253678 req_id=1 payload=PingRequest { req_id: Some(1), timestamp: Some(1783940640265) }
2026-07-13T13:04:00.266 src=pinger dst=pinger msg_type=1594103907 req_id=1 payload=PingReply { req_id: Some(1), timestamp: Some(1783940640265730) }
2026-07-13T13:04:01.267 src=pinger dst=pinger msg_type=31253678 req_id=1 payload=PingRequest { req_id: Some(1), timestamp: Some(1783940641266) }
2026-07-13T13:04:01.267 src=pinger dst=pinger msg_type=1594103907 req_id=1 payload=PingReply { req_id: Some(1), timestamp: Some(1783940641266928) }
2026-07-13T13:04:02.268 src=pinger dst=pinger msg_type=31253678 req_id=1 payload=PingRequest { req_id: Some(1), timestamp: Some(1783940642267) }
2026-07-13T13:04:02.268 src=pinger dst=pinger msg_type=1594103907 req_id=1 payload=PingReply { req_id: Some(1), timestamp: Some(1783940642267820) }
2026-07-13T13:04:03.269 src=pinger dst=pinger msg_type=31253678 req_id=1 payload=PingRequest { req_id: Some(1), timestamp: Some(1783940643268) }
2026-07-13T13:04:03.269 src=pinger dst=pinger msg_type=1594103907 req_id=1 payload=PingReply { req_id: Some(1), timestamp: Some(1783940643269036) }
2026-07-13T13:04:04.270 src=pinger dst=pinger msg_type=31253678 req_id=1 payload=PingRequest { req_id: Some(1), timestamp: Some(1783940644269) }
2026-07-13T13:04:04.270 src=pinger dst=pinger msg_type=1594103907 req_id=1 payload=PingReply { req_id: Some(1), timestamp: Some(1783940644269854) }
2026-07-13T13:04:05.271 src=pinger dst=pinger msg_type=31253678 req_id=1 payload=PingRequest { req_id: Some(1), timestamp: Some(1783940645270) }
2026-07-13T13:04:05.271 src=pinger dst=pinger msg_type=1594103907 req_id=1 payload=PingReply { req_id: Some(1), timestamp: Some(1783940645270936) }
2026-07-13T13:04:06.272 src=pinger dst=pinger msg_type=31253678 req_id=1 payload=PingRequest { req_id: Some(1), timestamp: Some(1783940646271) }
2026-07-13T13:04:06.272 src=pinger dst=pinger msg_type=1594103907 req_id=1 payload=PingReply { req_id: Some(1), timestamp: Some(1783940646271856) }
2026-07-13T13:04:07.272 src=pinger dst=pinger msg_type=31253678 req_id=1 payload=PingRequest { req_id: Some(1), timestamp: Some(1783940647272) }
2026-07-13T13:04:07.272 src=pinger dst=pinger msg_type=1594103907 req_id=1 payload=PingReply { req_id: Some(1), timestamp: Some(1783940647272633) }
2026-07-13T13:04:08.274 src=pinger dst=pinger msg_type=31253678 req_id=1 payload=PingRequest { req_id: Some(1), timestamp: Some(1783940648273) }
2026-07-13T13:04:08.274 src=pinger dst=pinger msg_type=1594103907 req_id=1 payload=PingReply { req_id: Some(1), timestamp: Some(1783940648273918) }
2026-07-13T13:04:09.275 src=pinger dst=pinger msg_type=31253678 req_id=1 payload=PingRequest { req_id: Some(1), timestamp: Some(1783940649274) }
2026-07-13T13:04:09.275 src=pinger dst=pinger msg_type=1594103907 req_id=1 payload=PingReply { req_id: Some(1), timestamp: Some(1783940649275074) }
2026-07-13T13:04:10.275 src=pinger dst=pinger msg_type=31253678 req_id=1 payload=PingRequest { req_id: Some(1), timestamp: Some(1783940650275) }
2026-07-13T13:04:10.275 src=pinger dst=pinger msg_type=1594103907 req_id=1 payload=PingReply { req_id: Some(1), timestamp: Some(1783940650275610) }
2026-07-13T13:04:11.277 src=pinger dst=pinger msg_type=31253678 req_id=1 payload=PingRequest { req_id: Some(1), timestamp: Some(1783940651276) }
2026-07-13T13:04:11.277 src=pinger dst=pinger msg_type=1594103907 req_id=1 payload=PingReply { req_id: Some(1), timestamp: Some(1783940651276940) }
2026-07-13T13:04:12.278 src=pinger dst=pinger msg_type=31253678 req_id=1 payload=PingRequest { req_id: Some(1), timestamp: Some(1783940652277) }
2026-07-13T13:04:12.278 src=pinger dst=pinger msg_type=1594103907 req_id=1 payload=PingReply { req_id: Some(1), timestamp: Some(1783940652278087) }
2026-07-13T13:04:13.279 src=pinger dst=pinger msg_type=31253678 req_id=1 payload=PingRequest { req_id: Some(1), timestamp: Some(1783940653278) }
2026-07-13T13:04:13.279 src=pinger dst=pinger msg_type=1594103907 req_id=1 payload=PingReply { req_id: Some(1), timestamp: Some(1783940653278931) }
2026-07-13T13:04:14.280 src=pinger dst=pinger msg_type=31253678 req_id=1 payload=PingRequest { req_id: Some(1), timestamp: Some(1783940654279) }
2026-07-13T13:04:14.281 src=pinger dst=pinger msg_type=1594103907 req_id=1 payload=PingReply { req_id: Some(1), timestamp: Some(1783940654279967) }
2026-07-13T13:04:15.282 src=pinger dst=pinger msg_type=31253678 req_id=1 payload=PingRequest { req_id: Some(1), timestamp: Some(1783940655282) }
2026-07-13T13:04:15.282 src=pinger dst=pinger msg_type=1594103907 req_id=1 payload=PingReply { req_id: Some(1), timestamp: Some(1783940655282572) }
2026-07-13T13:04:16.283 src=pinger dst=pinger msg_type=31253678 req_id=1 payload=PingRequest { req_id: Some(1), timestamp: Some(1783940656283) }
2026-07-13T13:04:16.283 src=pinger dst=pinger msg_type=1594103907 req_id=1 payload=PingReply { req_id: Some(1), timestamp: Some(1783940656283586) }
2026-07-13T13:04:17.284 src=pinger dst=pinger msg_type=31253678 req_id=1 payload=PingRequest { req_id: Some(1), timestamp: Some(1783940657284) }
2026-07-13T13:04:17.284 src=pinger dst=pinger msg_type=1594103907 req_id=1 payload=PingReply { req_id: Some(1), timestamp: Some(1783940657284575) }
2026-07-13T13:04:18.286 src=pinger dst=pinger msg_type=31253678 req_id=1 payload=PingRequest { req_id: Some(1), timestamp: Some(1783940658285) }
2026-07-13T13:04:18.287 src=pinger dst=pinger msg_type=1594103907 req_id=1 payload=PingReply { req_id: Some(1), timestamp: Some(1783940658285761) }
2026-07-13T13:04:19.286 src=pinger dst=pinger msg_type=31253678 req_id=1 payload=PingRequest { req_id: Some(1), timestamp: Some(1783940659286) }
2026-07-13T13:04:19.287 src=pinger dst=pinger msg_type=1594103907 req_id=1 payload=PingReply { req_id: Some(1), timestamp: Some(1783940659286676) }
2026-07-13T13:04:20.288 src=pinger dst=pinger msg_type=31253678 req_id=1 payload=PingRequest { req_id: Some(1), timestamp: Some(1783940660287) }
2026-07-13T13:04:20.289 src=pinger dst=pinger msg_type=1594103907 req_id=1 payload=PingReply { req_id: Some(1), timestamp: Some(1783940660288006) }
2026-07-13T13:04:21.288 src=pinger dst=pinger msg_type=31253678 req_id=1 payload=PingRequest { req_id: Some(1), timestamp: Some(1783940661288) }
2026-07-13T13:04:21.288 src=pinger dst=pinger msg_type=1594103907 req_id=1 payload=PingReply { req_id: Some(1), timestamp: Some(1783940661288618) }
2026-07-13T13:04:22.289 src=pinger dst=pinger msg_type=31253678 req_id=1 payload=PingRequest { req_id: Some(1), timestamp: Some(1783940662289) }
2026-07-13T13:04:22.290 src=pinger dst=pinger msg_type=1594103907 req_id=1 payload=PingReply { req_id: Some(1), timestamp: Some(1783940662289553) }
2026-07-13T13:04:23.290 src=pinger dst=pinger msg_type=31253678 req_id=1 payload=PingRequest { req_id: Some(1), timestamp: Some(1783940663290) }
2026-07-13T13:04:23.293 src=pinger dst=pinger msg_type=1594103907 req_id=1 payload=PingReply { req_id: Some(1), timestamp: Some(1783940663290513) }
2026-07-13T13:04:24.291 src=pinger dst=pinger msg_type=31253678 req_id=1 payload=PingRequest { req_id: Some(1), timestamp: Some(1783940664291) }
2026-07-13T13:04:24.291 src=pinger dst=pinger msg_type=1594103907 req_id=1 payload=PingReply { req_id: Some(1), timestamp: Some(1783940664291456) }
2026-07-13T13:04:25.295 src=pinger dst=pinger msg_type=31253678 req_id=1 payload=PingRequest { req_id: Some(1), timestamp: Some(1783940665293) }
2026-07-13T13:04:25.295 src=pinger dst=pinger msg_type=1594103907 req_id=1 payload=PingReply { req_id: Some(1), timestamp: Some(1783940665295447) }
2026-07-13T13:04:26.294 src=pinger dst=pinger msg_type=31253678 req_id=1 payload=PingRequest { req_id: Some(1), timestamp: Some(1783940666294) }
2026-07-13T13:04:26.295 src=pinger dst=pinger msg_type=1594103907 req_id=1 payload=PingReply { req_id: Some(1), timestamp: Some(1783940666294747) }
2026-07-13T13:04:27.297 src=pinger dst=pinger msg_type=31253678 req_id=1 payload=PingRequest { req_id: Some(1), timestamp: Some(1783940667296) }
2026-07-13T13:04:27.300 src=pinger dst=pinger msg_type=1594103907 req_id=1 payload=PingReply { req_id: Some(1), timestamp: Some(1783940667296968) }
2026-07-13T13:04:28.297 src=pinger dst=pinger msg_type=31253678 req_id=1 payload=PingRequest { req_id: Some(1), timestamp: Some(1783940668297) }
2026-07-13T13:04:28.297 src=pinger dst=pinger msg_type=1594103907 req_id=1 payload=PingReply { req_id: Some(1), timestamp: Some(1783940668297485) }
2026-07-13T13:04:29.302 src=pinger dst=pinger msg_type=31253678 req_id=1 payload=PingRequest { req_id: Some(1), timestamp: Some(1783940669302) }
2026-07-13T13:04:29.303 src=pinger dst=pinger msg_type=1594103907 req_id=1 payload=PingReply { req_id: Some(1), timestamp: Some(1783940669302679) }
2026-07-13T13:04:30.304 src=pinger dst=pinger msg_type=31253678 req_id=1 payload=PingRequest { req_id: Some(1), timestamp: Some(1783940670303) }
2026-07-13T13:04:30.304 src=pinger dst=pinger msg_type=1594103907 req_id=1 payload=PingReply { req_id: Some(1), timestamp: Some(1783940670304015) }
2026-07-13T13:04:31.305 src=pinger dst=pinger msg_type=31253678 req_id=1 payload=PingRequest { req_id: Some(1), timestamp: Some(1783940671305) }
2026-07-13T13:04:31.306 src=pinger dst=pinger msg_type=1594103907 req_id=1 payload=PingReply { req_id: Some(1), timestamp: Some(1783940671305499) }
2026-07-13T13:04:32.306 src=pinger dst=pinger msg_type=31253678 req_id=1 payload=PingRequest { req_id: Some(1), timestamp: Some(1783940672306) }
2026-07-13T13:04:32.307 src=pinger dst=pinger msg_type=1594103907 req_id=1 payload=PingReply { req_id: Some(1), timestamp: Some(1783940672306538) }
2026-07-13T13:04:33.308 src=pinger dst=pinger msg_type=31253678 req_id=1 payload=PingRequest { req_id: Some(1), timestamp: Some(1783940673307) }
2026-07-13T13:04:33.309 src=pinger dst=pinger msg_type=1594103907 req_id=1 payload=PingReply { req_id: Some(1), timestamp: Some(1783940673308391) }
2026-07-13T13:04:34.309 src=pinger dst=pinger msg_type=31253678 req_id=1 payload=PingRequest { req_id: Some(1), timestamp: Some(1783940674309) }
2026-07-13T13:04:34.312 src=pinger dst=pinger msg_type=1594103907 req_id=1 payload=PingReply { req_id: Some(1), timestamp: Some(1783940674309817) }
2026-07-13T13:04:35.310 src=pinger dst=pinger msg_type=31253678 req_id=1 payload=PingRequest { req_id: Some(1), timestamp: Some(1783940675310) }
2026-07-13T13:04:35.310 src=pinger dst=pinger msg_type=1594103907 req_id=1 payload=PingReply { req_id: Some(1), timestamp: Some(1783940675310618) }
2026-07-13T13:04:36.311 src=pinger dst=pinger msg_type=31253678 req_id=1 payload=PingRequest { req_id: Some(1), timestamp: Some(1783940676311) }
2026-07-13T13:04:36.312 src=pinger dst=pinger msg_type=1594103907 req_id=1 payload=PingReply { req_id: Some(1), timestamp: Some(1783940676311562) }
2026-07-13T13:04:37.312 src=pinger dst=pinger msg_type=31253678 req_id=1 payload=PingRequest { req_id: Some(1), timestamp: Some(1783940677312) }
2026-07-13T13:04:37.313 src=pinger dst=pinger msg_type=1594103907 req_id=1 payload=PingReply { req_id: Some(1), timestamp: Some(1783940677312554) }
2026-07-13T13:04:38.313 src=pinger dst=pinger msg_type=31253678 req_id=1 payload=PingRequest { req_id: Some(1), timestamp: Some(1783940678313) }
2026-07-13T13:04:38.313 src=pinger dst=pinger msg_type=1594103907 req_id=1 payload=PingReply { req_id: Some(1), timestamp: Some(1783940678313495) }
2026-07-13T13:04:39.315 src=pinger dst=pinger msg_type=31253678 req_id=1 payload=PingRequest { req_id: Some(1), timestamp: Some(1783940679314) }
2026-07-13T13:04:39.315 src=pinger dst=pinger msg_type=1594103907 req_id=1 payload=PingReply { req_id: Some(1), timestamp: Some(1783940679314527) }
2026-07-13T13:04:40.315 src=pinger dst=pinger msg_type=31253678 req_id=1 payload=PingRequest { req_id: Some(1), timestamp: Some(1783940680315) }
2026-07-13T13:04:40.317 src=pinger dst=pinger msg_type=1594103907 req_id=1 payload=PingReply { req_id: Some(1), timestamp: Some(1783940680315530) }
2026-07-13T13:04:41.330 src=pinger dst=pinger msg_type=31253678 req_id=1 payload=PingRequest { req_id: Some(1), timestamp: Some(1783940681330) }
2026-07-13T13:04:41.331 src=pinger dst=pinger msg_type=1594103907 req_id=1 payload=PingReply { req_id: Some(1), timestamp: Some(1783940681330541) }
2026-07-13T13:04:42.332 src=pinger dst=pinger msg_type=31253678 req_id=1 payload=PingRequest { req_id: Some(1), timestamp: Some(1783940682331) }
2026-07-13T13:04:42.332 src=pinger dst=pinger msg_type=1594103907 req_id=1 payload=PingReply { req_id: Some(1), timestamp: Some(1783940682332109) }
2026-07-13T13:04:43.332 src=pinger dst=pinger msg_type=31253678 req_id=1 payload=PingRequest { req_id: Some(1), timestamp: Some(1783940683332) }
2026-07-13T13:04:43.333 src=pinger dst=pinger msg_type=1594103907 req_id=1 payload=PingReply { req_id: Some(1), timestamp: Some(1783940683333072) }
2026-07-13T13:04:44.341 src=pinger dst=pinger msg_type=31253678 req_id=1 payload=PingRequest { req_id: Some(1), timestamp: Some(1783940684334) }
2026-07-13T13:04:44.341 src=pinger dst=pinger msg_type=1594103907 req_id=1 payload=PingReply { req_id: Some(1), timestamp: Some(1783940684335861) }
2026-07-13T13:04:45.336 src=pinger dst=pinger msg_type=31253678 req_id=1 payload=PingRequest { req_id: Some(1), timestamp: Some(1783940685335) }
2026-07-13T13:04:45.336 src=pinger dst=pinger msg_type=1594103907 req_id=1 payload=PingReply { req_id: Some(1), timestamp: Some(1783940685336208) }
2026-07-13T13:04:46.336 src=pinger dst=pinger msg_type=31253678 req_id=1 payload=PingRequest { req_id: Some(1), timestamp: Some(1783940686336) }
2026-07-13T13:04:46.337 src=pinger dst=pinger msg_type=1594103907 req_id=1 payload=PingReply { req_id: Some(1), timestamp: Some(1783940686337115) }
2026-07-13T13:04:47.338 src=pinger dst=pinger msg_type=31253678 req_id=1 payload=PingRequest { req_id: Some(1), timestamp: Some(1783940687338) }
2026-07-13T13:04:47.339 src=pinger dst=pinger msg_type=1594103907 req_id=1 payload=PingReply { req_id: Some(1), timestamp: Some(1783940687339038) }
2026-07-13T13:04:48.339 src=pinger dst=pinger msg_type=31253678 req_id=1 payload=PingRequest { req_id: Some(1), timestamp: Some(1783940688339) }
2026-07-13T13:04:48.340 src=pinger dst=pinger msg_type=1594103907 req_id=1 payload=PingReply { req_id: Some(1), timestamp: Some(1783940688339592) }
2026-07-13T13:04:49.340 src=pinger dst=pinger msg_type=31253678 req_id=1 payload=PingRequest { req_id: Some(1), timestamp: Some(1783940689340) }
2026-07-13T13:04:49.340 src=pinger dst=pinger msg_type=1594103907 req_id=1 payload=PingReply { req_id: Some(1), timestamp: Some(1783940689340613) }
2026-07-13T13:04:50.342 src=pinger dst=pinger msg_type=31253678 req_id=1 payload=PingRequest { req_id: Some(1), timestamp: Some(1783940690341) }
2026-07-13T13:04:50.342 src=pinger dst=pinger msg_type=1594103907 req_id=1 payload=PingReply { req_id: Some(1), timestamp: Some(1783940690342212) }
